<?xml version="1.0" encoding="UTF-8"?>
<!-- Generated by org.testng.reporters.JUnitReportReporter -->
<testsuite hostname="ATMECSINLT-652" name="com.atmecs.qa.automationproject.testscript.NewCustomerRegistration" tests="2" failures="0" timestamp="6 Apr 2020 16:13:44 GMT" time="647.443" errors="0">
  <testcase name="RegisteraMember" time="443.152" classname="com.atmecs.qa.automationproject.testscript.NewCustomerRegistration"/>
  <testcase name="RegisteraMember" time="204.291" classname="com.atmecs.qa.automationproject.testscript.NewCustomerRegistration"/>
</testsuite> <!-- com.atmecs.qa.automationproject.testscript.NewCustomerRegistration -->
