<?xml version="1.0" encoding="UTF-8"?>
<!-- Generated by org.testng.reporters.JUnitReportReporter -->
<testsuite hostname="ATMECSINLT-652" name="com.atmecs.qa.automationassessmentproject.testscript.TC_01_Verify_Order_Details_Of_Dresses_For_Three_Categories" tests="1" failures="0" timestamp="7 Apr 2020 12:30:20 GMT" time="317.927" errors="0">
  <testcase name="verifyOrdersDetailsOfDresses" time="317.927" classname="com.atmecs.qa.automationassessmentproject.testscript.TC_01_Verify_Order_Details_Of_Dresses_For_Three_Categories"/>
</testsuite> <!-- com.atmecs.qa.automationassessmentproject.testscript.TC_01_Verify_Order_Details_Of_Dresses_For_Three_Categories -->
